<?xml version="1.0" encoding="UTF-8"?>
<!-- Generated by org.testng.reporters.JUnitReportReporter -->
<testsuite skipped="0" hostname="DESKTOP-830CFB9" name="tests.SignupTests" tests="1" failures="0" timestamp="2022-10-12T01:20:06 CEST" time="1.904" errors="0">
  <testcase name="visitsTheSignupPage" time="1.904" classname="tests.SignupTests"/>
  <system-out/>
</testsuite> <!-- tests.SignupTests -->
