<?xml version="1.0" encoding="UTF-8"?>
<!-- Generated by org.testng.reporters.JUnitReportReporter -->
<testsuite skipped="0" hostname="DESKTOP-830CFB9" name="tests.SignupTests" tests="2" failures="0" timestamp="2022-10-12T01:25:29 CEST" time="2.781" errors="0">
  <testcase name="checksInputTypes" time="2.016" classname="tests.SignupTests"/>
  <system-out/>
  <testcase name="visitsTheSignupPage" time="0.765" classname="tests.SignupTests"/>
  <system-out/>
</testsuite> <!-- tests.SignupTests -->
