<?xml version="1.0" encoding="UTF-8"?>
<!-- Generated by org.testng.reporters.JUnitReportReporter -->
<testsuite skipped="0" hostname="DESKTOP-830CFB9" name="tests.AuthRoutesTests" tests="4" failures="0" timestamp="2022-10-12T14:43:08 CEST" time="4.978" errors="0">
  <testcase name="forbidsVisitsToHomeUrlIfNotAuthenticated" time="2.007" classname="tests.AuthRoutesTests"/>
  <system-out/>
  <testcase name="forbidsVisitsToProfileUrlIfNotAuthenticated" time="1.002" classname="tests.AuthRoutesTests"/>
  <system-out/>
  <testcase name="forbidsVisitsToAdminCitiesUrlIfNotAuthenticated" time="0.953" classname="tests.AuthRoutesTests"/>
  <system-out/>
  <testcase name="forbidsVisitsToAdminUsersUrlIfNotAuthenticated" time="1.016" classname="tests.AuthRoutesTests"/>
  <system-out/>
</testsuite> <!-- tests.AuthRoutesTests -->
