<?xml version="1.0" encoding="UTF-8"?>
<!-- Generated by org.testng.reporters.JUnitReportReporter -->
<testsuite skipped="0" hostname="DESKTOP-830CFB9" name="tests.SignupTests" tests="3" failures="0" timestamp="2022-10-12T01:37:52 CEST" time="8.804" errors="0">
  <testcase name="visitsTheSignupPage" time="2.038" classname="tests.SignupTests"/>
  <system-out/>
  <testcase name="checksInputTypes" time="3.579" classname="tests.SignupTests"/>
  <system-out/>
  <testcase name="displaysErrorsWhenuserAlreadyExists" time="3.187" classname="tests.SignupTests"/>
  <system-out/>
</testsuite> <!-- tests.SignupTests -->
