<?xml version="1.0" encoding="UTF-8"?>
<!-- Generated by org.testng.reporters.JUnitReportReporter -->
<testsuite skipped="0" hostname="DESKTOP-830CFB9" name="tests.LoginTests" tests="6" failures="0" timestamp="2022-10-12T12:23:59 CEST" time="9.340" errors="0">
  <testcase name="visitsTheLoginPage" time="0.841" classname="tests.LoginTests"/>
  <system-out/>
  <testcase name="checksInputTypes" time="0.786" classname="tests.LoginTests"/>
  <system-out/>
  <testcase name="displaysErrorsWhenUserDoesNotExist" time="1.932" classname="tests.LoginTests"/>
  <system-out/>
  <testcase name="displaysErrorsWhenPasswordIsWrong" time="1.859" classname="tests.LoginTests"/>
  <system-out/>
  <testcase name="login" time="2.081" classname="tests.LoginTests"/>
  <system-out/>
  <testcase name="logout" time="1.841" classname="tests.LoginTests"/>
  <system-out/>
</testsuite> <!-- tests.LoginTests -->
