<?xml version="1.0" encoding="UTF-8"?>
<!-- Generated by org.testng.reporters.JUnitReportReporter -->
<testsuite skipped="0" hostname="DESKTOP-830CFB9" name="tests.SignupTests" tests="4" failures="0" timestamp="2022-10-12T12:32:16 CEST" time="8.030" errors="0">
  <testcase name="visitsTheSignupPage" time="1.552" classname="tests.SignupTests"/>
  <system-out/>
  <testcase name="checksInputTypes" time="1.762" classname="tests.SignupTests"/>
  <system-out/>
  <testcase name="displaysErrorsWhenuserAlreadyExists" time="2.319" classname="tests.SignupTests"/>
  <system-out/>
  <testcase name="signup" time="2.397" classname="tests.SignupTests"/>
  <system-out/>
</testsuite> <!-- tests.SignupTests -->
