<?xml version="1.0" encoding="UTF-8"?>
<!-- Generated by org.testng.reporters.JUnitReportReporter -->
<testsuite skipped="0" hostname="DESKTOP-830CFB9" name="tests.AdminCitiesTests" tests="1" failures="0" timestamp="2022-10-12T02:37:51 CEST" time="3.102" errors="0">
  <testcase name="visitTheAdminCitiesPageAndListCities" time="3.102" classname="tests.AdminCitiesTests"/>
  <system-out/>
</testsuite> <!-- tests.AdminCitiesTests -->
