<?xml version="1.0" encoding="UTF-8"?>
<!-- Generated by org.testng.reporters.JUnitReportReporter -->
<testsuite skipped="0" hostname="DESKTOP-830CFB9" name="tests.LoginTests" tests="6" failures="0" timestamp="2022-10-12T01:08:16 CEST" time="11.525" errors="0">
  <testcase name="visitsTheLoginPage" time="1.202" classname="tests.LoginTests"/>
  <system-out/>
  <testcase name="checksInputTypes" time="2.643" classname="tests.LoginTests"/>
  <system-out/>
  <testcase name="displaysErrorsWhenUserDoesNotExist" time="2.294" classname="tests.LoginTests"/>
  <system-out/>
  <testcase name="displaysErrorsWhenPasswordIsWrong" time="1.992" classname="tests.LoginTests"/>
  <system-out/>
  <testcase name="login" time="2.446" classname="tests.LoginTests"/>
  <system-out/>
  <testcase name="logout" time="0.948" classname="tests.LoginTests"/>
  <system-out/>
</testsuite> <!-- tests.LoginTests -->
