<?xml version="1.0" encoding="UTF-8"?>
<!-- Generated by org.testng.reporters.JUnitReportReporter -->
<testsuite skipped="0" hostname="DESKTOP-830CFB9" name="tests.AdminCitiesTests" tests="6" failures="0" timestamp="2022-10-13T01:20:40 CEST" time="14.647" errors="0">
  <testcase name="visitTheAdminCitiesPageAndListCities" time="1.988" classname="tests.AdminCitiesTests"/>
  <system-out/>
  <testcase name="checksInputTypesForCreateOrEditNewCity" time="1.031" classname="tests.AdminCitiesTests"/>
  <system-out/>
  <testcase name="createNewCity" time="2.076" classname="tests.AdminCitiesTests"/>
  <system-out/>
  <testcase name="editCity" time="3.586" classname="tests.AdminCitiesTests"/>
  <system-out/>
  <testcase name="searchCity" time="2.404" classname="tests.AdminCitiesTests"/>
  <system-out/>
  <testcase name="deleteCity" time="3.562" classname="tests.AdminCitiesTests"/>
  <system-out/>
</testsuite> <!-- tests.AdminCitiesTests -->
