<?xml version="1.0" encoding="UTF-8"?>
<!-- Generated by org.testng.reporters.JUnitReportReporter -->
<testsuite skipped="0" hostname="DESKTOP-830CFB9" name="tests.AuthRoutesTests" tests="4" failures="0" timestamp="2022-10-12T14:35:48 CEST" time="5.043" errors="0">
  <testcase name="forbidsVisitsToHomeUrlIfNotAuthenticated" time="1.038" classname="tests.AuthRoutesTests"/>
  <system-out/>
  <testcase name="forbidsVisitsToProfileUrlIfNotAuthenticated" time="0.978" classname="tests.AuthRoutesTests"/>
  <system-out/>
  <testcase name="forbidsVisitsToAdminCitiesUrlIfNotAuthenticated" time="1.996" classname="tests.AuthRoutesTests"/>
  <system-out/>
  <testcase name="forbidsVisitsToAdminUsersUrlIfNotAuthenticated" time="1.031" classname="tests.AuthRoutesTests"/>
  <system-out/>
</testsuite> <!-- tests.AuthRoutesTests -->
