<?xml version="1.0" encoding="UTF-8"?>
<!-- Generated by org.testng.reporters.JUnitReportReporter -->
<testsuite skipped="0" hostname="DESKTOP-830CFB9" name="tests.LoginTests" tests="6" failures="0" timestamp="2022-10-12T00:56:16 CEST" time="25.833" errors="0">
  <testcase name="visitsTheLoginPage" time="3.986" classname="tests.LoginTests"/>
  <system-out/>
  <testcase name="checksInputTypes" time="2.447" classname="tests.LoginTests"/>
  <system-out/>
  <testcase name="displaysErrorsWhenUserDoesNotExist" time="5.601" classname="tests.LoginTests"/>
  <system-out/>
  <testcase name="displaysErrorsWhenPasswordIsWrong" time="3.423" classname="tests.LoginTests"/>
  <system-out/>
  <testcase name="login" time="8.480" classname="tests.LoginTests"/>
  <system-out/>
  <testcase name="logout" time="1.896" classname="tests.LoginTests"/>
  <system-out/>
</testsuite> <!-- tests.LoginTests -->
