<?xml version="1.0" encoding="UTF-8"?>
<!-- Generated by org.testng.reporters.JUnitReportReporter -->
<testsuite skipped="0" hostname="DESKTOP-830CFB9" name="tests.LocaleTests" tests="5" failures="0" timestamp="2022-10-12T17:44:42 CEST" time="6.054" errors="0">
  <testcase name="setLocaleToES" time="1.117" classname="tests.LocaleTests"/>
  <system-out/>
  <testcase name="setLocaleToEN" time="0.865" classname="tests.LocaleTests"/>
  <system-out/>
  <testcase name="setLocaleToCN" time="1.069" classname="tests.LocaleTests"/>
  <system-out/>
  <testcase name="setLocaleToFR" time="1.166" classname="tests.LocaleTests"/>
  <system-out/>
  <testcase name="setLocaleToUA" time="1.837" classname="tests.LocaleTests"/>
  <system-out/>
</testsuite> <!-- tests.LocaleTests -->
